0	1	mikroCARM.exe -MSF -DBG -pSTM32F407VG -UICD -BIN -LHF -DL -SSA -O11111114 -fo168 -N"C:\HandGitRepo\ProstheticHand\Software\Final Code Working Directory\Final Demo Code\Pcontrol_position.mcpar" -SP"C:\Users\Public\Documents\Mikroelektronika\mikroC PRO for ARM\Defs\" -SP"C:\Users\Public\Documents\Mikroelektronika\mikroC PRO for ARM\Uses\" -SP"C:\HandGitRepo\ProstheticHand\Software\Final Code Working Directory\Final Demo Code\" -SP"C:\HandGitRepo\ProstheticHand\Software\Final Code Working Directory\Matthew Position control working\" -SP"C:\Users\Public\Documents\Mikroelektronika\mikroC PRO for ARM\Uses\ST M4\" -IP"C:\HandGitRepo\ProstheticHand\Software\Final Code Working Directory\Matthew Position control working\" -IP"C:\HandGitRepo\ProstheticHand\Software\Final Code Working Directory\Final Demo Code\" "main.c" "system.c" "finger.c" "emg.c" "uart.c" "__Lib_Math.emcl" "__Lib_MathDouble.emcl" "__Lib_Delays.emcl" "__Lib_System_4XX.emcl" "__Lib_GPIO_32F4xx_Defs.emcl" "__Lib_GPIO_32F4xx.emcl" "__Lib_CType.emcl" "__Lib_CString.emcl" "__Lib_CStdlib.emcl" "__Lib_Conversions.emcl" "__Lib_ADC_123_32F20x_16ch.emcl" "__Lib_PWM_1234589_12_10_11_13_14.emcl" "__Lib_UART_123_45_6.emcl"	 
diagnostics: 0	122	Compilation Started	system.h
error: 110	324	Undeclared identifier 'set_finger_name' in expression	main.c
hint: 38	1354	 warning: "/*" within comment     /*******************************************************************/    /	C:\HandGitRepo\ProstheticHand\Software\Final Code Working Directory\Final Demo Code\system.c
hint: 10	1354	 warning: "/*" within comment     /*******************************************************************/    /   FG_PULL_DOWN);	C:\HandGitRepo\ProstheticHand\Software\Final Code Working Directory\Final Demo Code\system.c
hint: 14	1354	 warning: "/*" within comment     /*******************************************************************/    /     pt enable  ;	C:\HandGitRepo\ProstheticHand\Software\Final Code Working Directory\Final Demo Code\system.c
hint: 17	1354	 warning: "/*" within comment     /*******************************************************************/    /      // Increment the debug print counter  Unused)  d)  use for now)	C:\HandGitRepo\ProstheticHand\Software\Final Code Working Directory\Final Demo Code\system.c
diagnostics: 0	122	Compilation Started	system.h
hint: 0	1004	interrupt handler (sample_timer_ISR at 0x002A)	system.c
diagnostics: 146	123	Compiled Successfully	system.c
hint: 23	1354	 warning: "/*" within comment     /************************  Finger Structure  ************************  s       from C:/HandGitRepo/ProstheticHand/Software/Final Code Working Directory/Final Demo Code/finger.c: 1:    #include "finger.h"	c:\handgitrepo\prosthetichand\software\final code working directory\final demo code\finger.h
hint: 31	1354	 warning: "/*" within comment     /*******************************************************************/     /	c:\handgitrepo\prosthetichand\software\final code working directory\final demo code\finger.h
hint: 54	1354	 warning: "/*" within comment     /*******************************************************************/	C:\HandGitRepo\ProstheticHand\Software\Final Code Working Directory\Final Demo Code\finger.c
hint: 94	1354	 warning: "/*" within comment     /*******************************************************************/       /  _PSC + 1));	#defûC:\HandGitRepo\ProstheticHand\Software\Final Code Working Directory\Final Demo Code\finger.c
hint: 12	1354	 warning: "/*" within comment     /*******************************************************************/      /    // Enable Timer 2  SR  rrupt for Timer 2  R bit)  , 2, 3 XOR to TI1)   MIDDLE #define MIDDLE_ENCODER_B	C:\HandGitRepo\ProstheticHand\Software\Final Code Working Directory\Final Demo Code\finger.c
hint: 275	1354	 warning: "/*" within comment     /*******************************************************************/    /    hange once limit switches and calibration are in place ******  to TI1)   MIDDLE #define MIDDLE_ENCODER_B	#defûC:\HandGitRepo\ProstheticHand\Software\Final Code Working Directory\Final Demo Code\finger.c
hint: 370	1354	 warning: "/*" within comment     /*******************************************************************/    /      // ERROR: Invalid direction state  late new position  *****  to TI1)   MIDDLE #define MIDDLE_ENCODER_B	#defûC:\HandGitRepo\ProstheticHand\Software\Final Code Working Directory\Final Demo Code\finger.c
hint: 415	1354	 warning: "/*" within comment     /*******************************************************************/   /	#defûC:\HandGitRepo\ProstheticHand\Software\Final Code Working Directory\Final Demo Code\finger.c
hint: 474	1354	 warning: "/*" within comment     /***************************************************************************/      /   ds to be adapted for new multi-UART print functions   to TI1)   MIDDLE #define MIDDLE_ENCODER_B	#defûC:\HandGitRepo\ProstheticHand\Software\Final Code Working Directory\Final Demo Code\finger.c
hint: 520	1354	 warning: "/*" within comment     /***************************************************************************/      /   ontrol   returns duty cycle.  -UART print functions   to TI1)   MIDDLE #define MIDDLE_ENCODER_B	#defûC:\HandGitRepo\ProstheticHand\Software\Final Code Working Directory\Final Demo Code\finger.c
hint: 564	1354	 warning: "/*" within comment     /*******************************************************************/    /     e   control  l   returns duty cycle.  -UART print functions   to TI1)   MIDDLE #define MIDDLE_ENCODER_B	#defûC:\HandGitRepo\ProstheticHand\Software\Final Code Working Directory\Final Demo Code\finger.c
hint: 655	1354	 warning: "/*" within comment     /*******************************************************************/   /       // Increment total input capture event counter  ion)   on)   to TI1)   MIDDLE #define MIDDLE_ENCODER_B	#defûC:\HandGitRepo\ProstheticHand\Software\Final Code Working Directory\Final Demo Code\finger.c
diagnostics: 0	122	Compilation Started	finger.h
hint: 421	1163	Variable 'direction_text' has been declared, but not used	finger.c
hint: 0	1004	interrupt handler (thumb_input_capture_ISR at 0x002D)	finger.c
hint: 0	1004	interrupt handler (fingers_input_capture_ISR at 0x002C)	finger.c
diagnostics: 639	123	Compiled Successfully	finger.c
hint: 39	1354	 warning: "/*" within comment     /*******************************************************************/    /	C:\HandGitRepo\ProstheticHand\Software\Final Code Working Directory\Final Demo Code\emg.c
hint: 91	1354	 warning: "/*" within comment     /*******************************************************************/	#defûC:\HandGitRepo\ProstheticHand\Software\Final Code Working Directory\Final Demo Code\emg.c
hint: 131	1354	 warning: "/*" within comment     /*******************************************************************/      /  ernal interrupt B3 for EMG override button*/  hannel 4 - NEW  switch for MIDDLE #define MIDDLE_ENCODER_B	#defûC:\HandGitRepo\ProstheticHand\Software\Final Code Working Directory\Final Demo Code\emg.c
diagnostics: 0	122	Compilation Started	emg.h
hint: 0	1004	interrupt handler (AWD_ISR at 0x0022)	emg.c
hint: 0	1004	interrupt handler (emg_timer_ISR at 0x0042)	emg.c
diagnostics: 140	123	Compiled Successfully	emg.c
hint: 36	1354	 warning: "/*" within comment     /*******************************************************************/	C:\HandGitRepo\ProstheticHand\Software\Final Code Working Directory\Final Demo Code\uart.c
hint: 78	1354	 warning: "/*" within comment     /*******************************************************************/  ===   message to terminal  ODULE_USART2_PD56);	#defûC:\HandGitRepo\ProstheticHand\Software\Final Code Working Directory\Final Demo Code\uart.c
hint: 80	1354	 warning: "/*" within comment     	C:\HandGitRepo\ProstheticHand\Software\Final Code Working Directory\Final Demo Code\uart.c
hint: 11	1354	 warning: "/*" within comment     /*******************************************************************/  E LINES DO LATER*****  al  ODULE_USART2_PD56);	C:\HandGitRepo\ProstheticHand\Software\Final Code Working Directory\Final Demo Code\uart.c
hint: 13	1354	 warning: "/*" within comment     /*******************************************************************/  a in the rx buffer  n we change this name?)  ;	C:\HandGitRepo\ProstheticHand\Software\Final Code Working Directory\Final Demo Code\uart.c
hint: 17	1354	 warning: "/*" within comment     /*******************************************************************/  a in the rx buffer  dler (can we change this name?)  minal  t (home) switch for MIDDLE #define MIDDLE_ENCODER_B	C:\HandGitRepo\ProstheticHand\Software\Final Code Working Directory\Final Demo Code\uart.c
hint: 203	1354	 warning: "/*" within comment     /*******************************************************************/  e text or data to BOTH UARTs (Text/Data Flag, Text Char array, Data as int)  or MIDDLE #define MIDDLE_ENCODER_B	#defûC:\HandGitRepo\ProstheticHand\Software\Final Code Working Directory\Final Demo Code\uart.c
diagnostics: 0	122	Compilation Started	uart.h
diagnostics: 47	123	Compiled Successfully	uart.c
error: 0	102	Finished (with errors): 13 Dec 2016, 11:39:02	Pcontrol_position.mcpar
