0	1	mikroCARM.exe -MSF -DBG -pSTM32F103VE -BIN -LHF -DL -SSA -O11111114 -fo72 -N"C:\HandGitRepo\ProstheticHand\Software\STM32 Timers\Code Examples\Input Capture Example\Ex_6.mcpar" -SP"C:\Users\Public\Documents\Mikroelektronika\mikroC PRO for ARM\Defs\" -SP"C:\Users\Public\Documents\Mikroelektronika\mikroC PRO for ARM\Uses\" -SP"C:\HandGitRepo\ProstheticHand\Software\STM32 Timers\Code Examples\Input Capture Example\" -SP"C:\Users\Rachel\Desktop\Dropbox\Senior Design Team Folder\Software\STM32 Timers\Code Examples\Input Capture Example\" -SP"C:\Users\Public\Documents\Mikroelektronika\mikroC PRO for ARM\Uses\ST M3\" -IP"C:\Users\Rachel\Desktop\Dropbox\Senior Design Team Folder\Software\STM32 Timers\Code Examples\Input Capture Example\" -IP"C:\HandGitRepo\ProstheticHand\Software\STM32 Timers\Code Examples\Input Capture Example\" "Ex_6.c" "__Lib_Math.emcl" "__Lib_MathDouble.emcl" "__Lib_Delays.emcl" "__Lib_System_101_102_103.emcl" "__Lib_GPIO_32F10x_Defs.emcl" "__Lib_GPIO_32F10x.emcl" "__Lib_CString.emcl" "__Lib_Conversions.emcl" "__Lib_LcdConsts.emcl" "__Lib_Lcd.emcl"	 
warning: 0	1501	Specified search path does not exist: 'C:\Users\Rachel\Desktop\Dropbox\Senior Design Team Folder\Software\STM32 Timers\Code Examples\Input Capture Example'	 
warning: 0	1502	Specified include path does not exist: 'C:\Users\Rachel\Desktop\Dropbox\Senior Design Team Folder\Software\STM32 Timers\Code Examples\Input Capture Example'	 
diagnostics: 0	122	Compilation Started	STM32F103VE.c
diagnostics: 30441	123	Compiled Successfully	STM32F103VE.c
hint: 6	1354	 warning: The macro is redefined     #define enable 0x01     from C:/HandGitRepo/ProstheticHand/Software/STM32 Timers/Code Examples/Input Capture Example/Ex_6.c: 4:    #include "AFIO.h"     previously macro "enable" defined as: #define enable  0x1 	c:\handgitrepo\prosthetichand\software\stm32 timers\code examples\input capture example\afio.h
hint: 7	1354	 warning: The macro is redefined     #define disable 0x00     from C:/HandGitRepo/ProstheticHand/Software/STM32 Timers/Code Examples/Input Capture Example/Ex_6.c: 4:    #include "AFIO.h"     previously macro "disable" defined as: #define disable  0x0 	c:\handgitrepo\prosthetichand\software\stm32 timers\code examples\input capture example\afio.h
hint: 9	1354	 warning: The macro is redefined     #define true 0x01     from C:/HandGitRepo/ProstheticHand/Software/STM32 Timers/Code Examples/Input Capture Example/Ex_6.c: 4:    #include "AFIO.h"     previously macro "true" defined as: #define true  0x1 	c:\handgitrepo\prosthetichand\software\stm32 timers\code examples\input capture example\afio.h
hint: 10	1354	 warning: The macro is redefined     #define false 0x00     from C:/HandGitRepo/ProstheticHand/Software/STM32 Timers/Code Examples/Input Capture Example/Ex_6.c: 4:    #include "AFIO.h"     previously macro "false" defined as: #define false  0x0 	c:\handgitrepo\prosthetichand\software\stm32 timers\code examples\input capture example\afio.h
hint: 12	1354	 warning: The macro is redefined     #define high 0x01     from C:/HandGitRepo/ProstheticHand/Software/STM32 Timers/Code Examples/Input Capture Example/Ex_6.c: 4:    #include "AFIO.h"     previously macro "high" defined as: #define high  0x1 	c:\handgitrepo\prosthetichand\software\stm32 timers\code examples\input capture example\afio.h
hint: 13	1354	 warning: The macro is redefined     #define low 0x00     from C:/HandGitRepo/ProstheticHand/Software/STM32 Timers/Code Examples/Input Capture Example/Ex_6.c: 4:    #include "AFIO.h"     previously macro "low" defined as: #define low  0x0 	c:\handgitrepo\prosthetichand\software\stm32 timers\code examples\input capture example\afio.h
hint: 30	1354	 warning: The macro is redefined     #define enable 0x1     from C:/HandGitRepo/ProstheticHand/Software/STM32 Timers/Code Examples/Input Capture Example/Ex_6.c: 5:    #include "GPIO.h"     previously macro "enable" defined as: #define enable  0x01 	c:\handgitrepo\prosthetichand\software\stm32 timers\code examples\input capture example\gpio.h
hint: 31	1354	 warning: The macro is redefined     #define disable 0x0     from C:/HandGitRepo/ProstheticHand/Software/STM32 Timers/Code Examples/Input Capture Example/Ex_6.c: 5:    #include "GPIO.h"     previously macro "disable" defined as: #define disable  0x00 	c:\handgitrepo\prosthetichand\software\stm32 timers\code examples\input capture example\gpio.h
hint: 33	1354	 warning: The macro is redefined     #define true 0x1     from C:/HandGitRepo/ProstheticHand/Software/STM32 Timers/Code Examples/Input Capture Example/Ex_6.c: 5:    #include "GPIO.h"     previously macro "true" defined as: #define true  0x01 	c:\handgitrepo\prosthetichand\software\stm32 timers\code examples\input capture example\gpio.h
hint: 34	1354	 warning: The macro is redefined     #define false 0x0     from C:/HandGitRepo/ProstheticHand/Software/STM32 Timers/Code Examples/Input Capture Example/Ex_6.c: 5:    #include "GPIO.h"     previously macro "false" defined as: #define false  0x00 	c:\handgitrepo\prosthetichand\software\stm32 timers\code examples\input capture example\gpio.h
hint: 36	1354	 warning: The macro is redefined     #define high 0x1     from C:/HandGitRepo/ProstheticHand/Software/STM32 Timers/Code Examples/Input Capture Example/Ex_6.c: 5:    #include "GPIO.h"     previously macro "high" defined as: #define high  0x01 	c:\handgitrepo\prosthetichand\software\stm32 timers\code examples\input capture example\gpio.h
hint: 37	1354	 warning: The macro is redefined     #define low 0x0     from C:/HandGitRepo/ProstheticHand/Software/STM32 Timers/Code Examples/Input Capture Example/Ex_6.c: 5:    #include "GPIO.h"     previously macro "low" defined as: #define low  0x00 	c:\handgitrepo\prosthetichand\software\stm32 timers\code examples\input capture example\gpio.h
diagnostics: 0	122	Compilation Started	Ex_6.c
hint: 0	1004	interrupt handler (TIM2_ISR at 0x002C)	Ex_6.c
error: 68	393	'setup' Identifier redefined	Ex_6.c
error: 101	324	Undeclared identifier 'GPIO_PinAFConfig' in expression	Ex_6.c
error: 0	102	Finished (with errors): 05 Oct 2016, 13:53:03	Ex_6.mcpar
