0	1	mikroCARM.exe -MSF -DBG -pSTM32F407VG -BIN -LHF -DL -SSA -O11111114 -fo168 -N"C:\HandGitRepo\ProstheticHand\Software\Programming Practice\USART1\USART1.mcpar" -SP"C:\Users\Public\Documents\Mikroelektronika\mikroC PRO for ARM\Defs\" -SP"C:\Users\Public\Documents\Mikroelektronika\mikroC PRO for ARM\Uses\" -SP"C:\HandGitRepo\ProstheticHand\Software\Programming Practice\USART1\" -SP"C:\Users\SCSUS\Dropbox\Senior Design Team Folder\Software\Programming Practice\USART1\" -SP"C:\Users\Public\Documents\Mikroelektronika\mikroC PRO for ARM\Uses\ST M4\" "main.c" "__Lib_Math.emcl" "__Lib_MathDouble.emcl" "__Lib_Delays.emcl" "__Lib_System_4XX.emcl" "__Lib_GPIO_32F4xx_Defs.emcl" "__Lib_GPIO_32F4xx.emcl" "__Lib_PWM_1234589_12_10_11_13_14.emcl" "__Lib_UART_123_45_6.emcl"	 
warning: 0	1501	Specified search path does not exist: 'C:\Users\SCSUS\Dropbox\Senior Design Team Folder\Software\Programming Practice\USART1'	 
diagnostics: 0	122	Compilation Started	STM32F407VG.c
diagnostics: 58983	123	Compiled Successfully	STM32F407VG.c
diagnostics: 0	122	Compilation Started	__Lib_Delays.c
diagnostics: 119	123	Compiled Successfully	__Lib_Delays.c
hint: 66	1164	Variable 'cycles_div_by_10' has been eliminated by optimizer	__Lib_Delays.c
hint: 88	1164	Variable 'NumberOfCyc' has been eliminated by optimizer	__Lib_Delays.c
hint: 105	1164	Variable 'NumberOfCyc' has been eliminated by optimizer	__Lib_Delays.c
diagnostics: 0	122	Compilation Started	__lib_gpio.h
diagnostics: 870	123	Compiled Successfully	__Lib_GPIO_32F4xx_Defs.c
diagnostics: 0	122	Compilation Started	main.c
hint: 0	1004	interrupt handler (USART1_INT at 0x0035)	main.c
hint: 0	1004	interrupt handler (USART2_INT at 0x0036)	main.c
diagnostics: 54	123	Compiled Successfully	main.c
diagnostics: 0	127	All files Compiled in 125 ms	 
hint: 0	1144	Used RX: 16 (100%)   Free RX: 0 (0%)	Used RX: 16 (100%)   Free RX: 0 (0%)
hint: 0	1144	Static RAM (bytes): 75   Dynamic RAM (bytes): 130993	Static RAM (bytes): 75   Dynamic RAM (bytes): 130993
hint: 0	1144	Used ROM (bytes): 4653 (0%)  Free ROM (bytes): 1043923 (100%)	Used ROM (bytes): 4653 (0%)  Free ROM (bytes): 1043923 (100%)
diagnostics: 0	125	Project Linked Successfully	USART1.mcpar
diagnostics: 0	128	Linked in 1109 ms	 
diagnostics: 0	129	Project 'USART1.mcpar' completed: 4547 ms	 
diagnostics: 0	103	Finished successfully: 02 Dec 2016, 10:22:09	USART1.mcpar
